| options
run_dir: /data/ahngeo11/nia/attnet/output
dataset: basketball
load_checkpoint_path: None
gpu_ids: 0
clevr_mini_img_dir: ../../data/raw/CLEVR_mini/images
clevr_mini_ann_path: ../../data/attr_net/objects/clevr_mini_objs.json
basketball_img_dir: /local_datasets/detectron2/basketball/annotations/images
basketball_ann_path: /data/ahngeo11/nia/attnet/annotations/basketball_obj.json
concat_img: 1
split_id: 15315
batch_size: 6
num_workers: 8
learning_rate: 0.00417
world_size: 1
local_rank: 1
dist_url: env://
num_iters: 10000
display_every: 20
checkpoint_every: 500
shuffle_data: 1
| options
run_dir: /data/ahngeo11/nia/attnet/output
dataset: basketball
load_checkpoint_path: None
gpu_ids: 0
clevr_mini_img_dir: ../../data/raw/CLEVR_mini/images
clevr_mini_ann_path: ../../data/attr_net/objects/clevr_mini_objs.json
basketball_img_dir: /local_datasets/detectron2/basketball/annotations/images
basketball_ann_path: /data/ahngeo11/nia/attnet/annotations/basketball_obj.json
concat_img: 1
split_id: 15315
batch_size: 6
num_workers: 8
| optionslearning_rate: 0.00417

world_size: 1run_dir: /data/ahngeo11/nia/attnet/output

local_rank: 0dataset: basketball

dist_url: env://load_checkpoint_path: None

num_iters: 10000gpu_ids: 0

display_every: 20clevr_mini_img_dir: ../../data/raw/CLEVR_mini/images

checkpoint_every: 500clevr_mini_ann_path: ../../data/attr_net/objects/clevr_mini_objs.json

shuffle_data: 1basketball_img_dir: /local_datasets/detectron2/basketball/annotations/images

basketball_ann_path: /data/ahngeo11/nia/attnet/annotations/basketball_obj.json
concat_img: 1
split_id: 15315
batch_size: 6
num_workers: 8
learning_rate: 0.00417
world_size: 1
local_rank: 2
dist_url: env://
num_iters: 10000
display_every: 20
checkpoint_every: 500
shuffle_data: 1
| options
run_dir: /data/ahngeo11/nia/attnet/output
dataset: basketball
load_checkpoint_path: None
gpu_ids: 0
clevr_mini_img_dir: ../../data/raw/CLEVR_mini/images
clevr_mini_ann_path: ../../data/attr_net/objects/clevr_mini_objs.json
basketball_img_dir: /local_datasets/detectron2/basketball/annotations/images
basketball_ann_path: /data/ahngeo11/nia/attnet/annotations/basketball_obj.json
concat_img: 1
split_id: 15315
batch_size: 6
num_workers: 8
learning_rate: 0.00417
world_size: 1
local_rank: 3
dist_url: env://
num_iters: 10000
display_every: 20
checkpoint_every: 500
shuffle_data: 1
| distributed init (rank 0): env://, gpu 0
| distributed init (rank 1): env://, gpu 1
| distributed init (rank 3): env://, gpu 3
| distributed init (rank 2): env://, gpu 2
total_batch_size is 24
Opt 

 Namespace(basketball_ann_path='/data/ahngeo11/nia/attnet/annotations/basketball_obj.json', basketball_img_dir='/local_datasets/detectron2/basketball/annotations/images', batch_size=6, checkpoint_every=500, clevr_mini_ann_path='../../data/attr_net/objects/clevr_mini_objs.json', clevr_mini_img_dir='../../data/raw/CLEVR_mini/images', concat_img=1, dataset='basketball', display_every=20, dist_backend='nccl', dist_url='env://', distributed=True, gpu=0, gpu_ids='0', learning_rate=0.00417, load_checkpoint_path=None, local_rank=0, num_iters=10000, num_workers=8, rank=0, run_dir='/data/ahngeo11/nia/attnet/output', shuffle_data=1, split_id=15315, world_size=4)
| creating new model
| start training, running in directory /data/ahngeo11/nia/attnet/output
| iteration 20 / 10000, epoch 1, loss 0.080465
| iteration 40 / 10000, epoch 1, loss 0.094281
| iteration 60 / 10000, epoch 1, loss 0.048584
| iteration 80 / 10000, epoch 1, loss 0.046809
| iteration 100 / 10000, epoch 1, loss 0.068611
| iteration 120 / 10000, epoch 1, loss 0.065610
| iteration 140 / 10000, epoch 1, loss 0.049414
| iteration 160 / 10000, epoch 1, loss 0.092067
| iteration 180 / 10000, epoch 1, loss 0.074648
| iteration 200 / 10000, epoch 1, loss 0.053177
| iteration 220 / 10000, epoch 1, loss 0.125877
| iteration 240 / 10000, epoch 1, loss 0.028386
| iteration 260 / 10000, epoch 1, loss 0.068898
| iteration 280 / 10000, epoch 1, loss 0.108157
| iteration 300 / 10000, epoch 1, loss 0.056985
| iteration 320 / 10000, epoch 1, loss 0.045712
| iteration 340 / 10000, epoch 1, loss 0.071678
| iteration 360 / 10000, epoch 1, loss 0.049207
| iteration 380 / 10000, epoch 1, loss 0.085325
| iteration 400 / 10000, epoch 1, loss 0.062657
| iteration 420 / 10000, epoch 1, loss 0.088456
| iteration 440 / 10000, epoch 1, loss 0.046440
| iteration 460 / 10000, epoch 1, loss 0.050181
| iteration 480 / 10000, epoch 1, loss 0.080235
| iteration 500 / 10000, epoch 1, loss 0.060333
| checking validation loss
The Validation Accuracy is 0.0
| validation loss 0.048139
| best model
| saving checkpoint
| iteration 520 / 10000, epoch 1, loss 0.028796
| iteration 540 / 10000, epoch 1, loss 0.052126
| iteration 560 / 10000, epoch 1, loss 0.031883
| iteration 580 / 10000, epoch 1, loss 0.077213
| iteration 600 / 10000, epoch 1, loss 0.067003
| iteration 620 / 10000, epoch 1, loss 0.087430
| iteration 640 / 10000, epoch 1, loss 0.093816
| iteration 660 / 10000, epoch 1, loss 0.068262
| iteration 680 / 10000, epoch 1, loss 0.058380
| iteration 700 / 10000, epoch 1, loss 0.054809
| iteration 720 / 10000, epoch 1, loss 0.066740
| iteration 740 / 10000, epoch 1, loss 0.101402
| iteration 760 / 10000, epoch 1, loss 0.081083
| iteration 780 / 10000, epoch 1, loss 0.041667
| iteration 800 / 10000, epoch 1, loss 0.038178
| iteration 820 / 10000, epoch 1, loss 0.056675
| iteration 840 / 10000, epoch 1, loss 0.063752
| iteration 860 / 10000, epoch 1, loss 0.061752
| iteration 880 / 10000, epoch 1, loss 0.066381
| iteration 900 / 10000, epoch 1, loss 0.038527
| iteration 920 / 10000, epoch 1, loss 0.038413
| iteration 940 / 10000, epoch 1, loss 0.071666
| iteration 960 / 10000, epoch 1, loss 0.023952
| iteration 980 / 10000, epoch 1, loss 0.044499
| iteration 1000 / 10000, epoch 1, loss 0.063506
| checking validation loss
The Validation Accuracy is 0.0
| validation loss 0.061008
| saving checkpoint
| iteration 1020 / 10000, epoch 1, loss 0.063830
| iteration 1040 / 10000, epoch 1, loss 0.057097
| iteration 1060 / 10000, epoch 1, loss 0.057304
| iteration 1080 / 10000, epoch 1, loss 0.053104
| iteration 1100 / 10000, epoch 1, loss 0.051167
| iteration 1120 / 10000, epoch 1, loss 0.026253
| iteration 1140 / 10000, epoch 1, loss 0.052494
| iteration 1160 / 10000, epoch 1, loss 0.051692
| iteration 1180 / 10000, epoch 1, loss 0.025584
| iteration 1200 / 10000, epoch 1, loss 0.052766
| iteration 1220 / 10000, epoch 1, loss 0.054533
| iteration 1240 / 10000, epoch 1, loss 0.058107
| iteration 1260 / 10000, epoch 1, loss 0.059527
| iteration 1280 / 10000, epoch 2, loss 0.080761
| iteration 1300 / 10000, epoch 2, loss 0.041362
| iteration 1320 / 10000, epoch 2, loss 0.068524
| iteration 1340 / 10000, epoch 2, loss 0.055947
| iteration 1360 / 10000, epoch 2, loss 0.083680
| iteration 1380 / 10000, epoch 2, loss 0.053915
| iteration 1400 / 10000, epoch 2, loss 0.048464
| iteration 1420 / 10000, epoch 2, loss 0.051887
| iteration 1440 / 10000, epoch 2, loss 0.030780
| iteration 1460 / 10000, epoch 2, loss 0.073823
| iteration 1480 / 10000, epoch 2, loss 0.036314
| iteration 1500 / 10000, epoch 2, loss 0.078234
| checking validation loss
The Validation Accuracy is 0.0
| validation loss 0.045149
| best model
| saving checkpoint
| iteration 1520 / 10000, epoch 2, loss 0.075410
| iteration 1540 / 10000, epoch 2, loss 0.022248
| iteration 1560 / 10000, epoch 2, loss 0.049085
| iteration 1580 / 10000, epoch 2, loss 0.028300
| iteration 1600 / 10000, epoch 2, loss 0.056089
| iteration 1620 / 10000, epoch 2, loss 0.080265
| iteration 1640 / 10000, epoch 2, loss 0.040056
| iteration 1660 / 10000, epoch 2, loss 0.115761
| iteration 1680 / 10000, epoch 2, loss 0.068644
| iteration 1700 / 10000, epoch 2, loss 0.066849
| iteration 1720 / 10000, epoch 2, loss 0.058933
| iteration 1740 / 10000, epoch 2, loss 0.073567
| iteration 1760 / 10000, epoch 2, loss 0.039446
| iteration 1780 / 10000, epoch 2, loss 0.046609
| iteration 1800 / 10000, epoch 2, loss 0.051414
| iteration 1820 / 10000, epoch 2, loss 0.078198
| iteration 1840 / 10000, epoch 2, loss 0.029432
| iteration 1860 / 10000, epoch 2, loss 0.080334
| iteration 1880 / 10000, epoch 2, loss 0.044284
| iteration 1900 / 10000, epoch 2, loss 0.064389
| iteration 1920 / 10000, epoch 2, loss 0.066956
| iteration 1940 / 10000, epoch 2, loss 0.086004
| iteration 1960 / 10000, epoch 2, loss 0.073489
| iteration 1980 / 10000, epoch 2, loss 0.061296
| iteration 2000 / 10000, epoch 2, loss 0.063202
| checking validation loss
The Validation Accuracy is 0.0
| validation loss 0.051487
| saving checkpoint
| iteration 2020 / 10000, epoch 2, loss 0.074577
| iteration 2040 / 10000, epoch 2, loss 0.060875
| iteration 2060 / 10000, epoch 2, loss 0.071853
| iteration 2080 / 10000, epoch 2, loss 0.086232
| iteration 2100 / 10000, epoch 2, loss 0.059467
| iteration 2120 / 10000, epoch 2, loss 0.017895
| iteration 2140 / 10000, epoch 2, loss 0.060079
| iteration 2160 / 10000, epoch 2, loss 0.058016
| iteration 2180 / 10000, epoch 2, loss 0.040597
| iteration 2200 / 10000, epoch 2, loss 0.046378
| iteration 2220 / 10000, epoch 2, loss 0.048013
| iteration 2240 / 10000, epoch 2, loss 0.036047
| iteration 2260 / 10000, epoch 2, loss 0.024759
| iteration 2280 / 10000, epoch 2, loss 0.072038
| iteration 2300 / 10000, epoch 2, loss 0.057581
| iteration 2320 / 10000, epoch 2, loss 0.064446
| iteration 2340 / 10000, epoch 2, loss 0.069047
| iteration 2360 / 10000, epoch 2, loss 0.053304
| iteration 2380 / 10000, epoch 2, loss 0.050657
| iteration 2400 / 10000, epoch 2, loss 0.037971
| iteration 2420 / 10000, epoch 2, loss 0.051901
| iteration 2440 / 10000, epoch 2, loss 0.047592
| iteration 2460 / 10000, epoch 2, loss 0.060451
| iteration 2480 / 10000, epoch 2, loss 0.050079
| iteration 2500 / 10000, epoch 2, loss 0.058014
| checking validation loss
The Validation Accuracy is 0.0
| validation loss 0.045458
| saving checkpoint
| iteration 2520 / 10000, epoch 2, loss 0.038813
| iteration 2540 / 10000, epoch 3, loss 0.047570
| iteration 2560 / 10000, epoch 3, loss 0.072813
| iteration 2580 / 10000, epoch 3, loss 0.035961
| iteration 2600 / 10000, epoch 3, loss 0.047545
| iteration 2620 / 10000, epoch 3, loss 0.107782
| iteration 2640 / 10000, epoch 3, loss 0.041169
| iteration 2660 / 10000, epoch 3, loss 0.042879
| iteration 2680 / 10000, epoch 3, loss 0.051271
| iteration 2700 / 10000, epoch 3, loss 0.064075
| iteration 2720 / 10000, epoch 3, loss 0.060389
| iteration 2740 / 10000, epoch 3, loss 0.044051
| iteration 2760 / 10000, epoch 3, loss 0.048337
| iteration 2780 / 10000, epoch 3, loss 0.081439
| iteration 2800 / 10000, epoch 3, loss 0.044922
| iteration 2820 / 10000, epoch 3, loss 0.073519
| iteration 2840 / 10000, epoch 3, loss 0.064173
| iteration 2860 / 10000, epoch 3, loss 0.071927
| iteration 2880 / 10000, epoch 3, loss 0.074563
| iteration 2900 / 10000, epoch 3, loss 0.059902
| iteration 2920 / 10000, epoch 3, loss 0.081424
| iteration 2940 / 10000, epoch 3, loss 0.049531
| iteration 2960 / 10000, epoch 3, loss 0.079202
| iteration 2980 / 10000, epoch 3, loss 0.034332
| iteration 3000 / 10000, epoch 3, loss 0.040138
| checking validation loss
The Validation Accuracy is 0.0
| validation loss 0.045035
| best model
| saving checkpoint
| iteration 3020 / 10000, epoch 3, loss 0.045836
| iteration 3040 / 10000, epoch 3, loss 0.047569
| iteration 3060 / 10000, epoch 3, loss 0.066540
| iteration 3080 / 10000, epoch 3, loss 0.076679
| iteration 3100 / 10000, epoch 3, loss 0.060238
| iteration 3120 / 10000, epoch 3, loss 0.070454
| iteration 3140 / 10000, epoch 3, loss 0.060284
| iteration 3160 / 10000, epoch 3, loss 0.028723
| iteration 3180 / 10000, epoch 3, loss 0.069584
| iteration 3200 / 10000, epoch 3, loss 0.064450
| iteration 3220 / 10000, epoch 3, loss 0.077791
| iteration 3240 / 10000, epoch 3, loss 0.076016
| iteration 3260 / 10000, epoch 3, loss 0.066885
| iteration 3280 / 10000, epoch 3, loss 0.028630
| iteration 3300 / 10000, epoch 3, loss 0.050561
| iteration 3320 / 10000, epoch 3, loss 0.043409
| iteration 3340 / 10000, epoch 3, loss 0.065552
| iteration 3360 / 10000, epoch 3, loss 0.041975
| iteration 3380 / 10000, epoch 3, loss 0.050949
| iteration 3400 / 10000, epoch 3, loss 0.083675
| iteration 3420 / 10000, epoch 3, loss 0.054547
| iteration 3440 / 10000, epoch 3, loss 0.035825
| iteration 3460 / 10000, epoch 3, loss 0.032709
| iteration 3480 / 10000, epoch 3, loss 0.063800
| iteration 3500 / 10000, epoch 3, loss 0.078149
| checking validation loss
The Validation Accuracy is 0.0
| validation loss 0.051434
| saving checkpoint
| iteration 3520 / 10000, epoch 3, loss 0.014487
| iteration 3540 / 10000, epoch 3, loss 0.057643
| iteration 3560 / 10000, epoch 3, loss 0.060348
| iteration 3580 / 10000, epoch 3, loss 0.057819
| iteration 3600 / 10000, epoch 3, loss 0.076690
| iteration 3620 / 10000, epoch 3, loss 0.047604
| iteration 3640 / 10000, epoch 3, loss 0.038380
| iteration 3660 / 10000, epoch 3, loss 0.075292
| iteration 3680 / 10000, epoch 3, loss 0.061031
| iteration 3700 / 10000, epoch 3, loss 0.034960
| iteration 3720 / 10000, epoch 3, loss 0.032359
| iteration 3740 / 10000, epoch 3, loss 0.064905
| iteration 3760 / 10000, epoch 3, loss 0.044767
| iteration 3780 / 10000, epoch 3, loss 0.066962
| iteration 3800 / 10000, epoch 4, loss 0.058038
| iteration 3820 / 10000, epoch 4, loss 0.063043
| iteration 3840 / 10000, epoch 4, loss 0.039120
| iteration 3860 / 10000, epoch 4, loss 0.049711
| iteration 3880 / 10000, epoch 4, loss 0.088662
| iteration 3900 / 10000, epoch 4, loss 0.057028
| iteration 3920 / 10000, epoch 4, loss 0.072351
| iteration 3940 / 10000, epoch 4, loss 0.051936
| iteration 3960 / 10000, epoch 4, loss 0.055752
| iteration 3980 / 10000, epoch 4, loss 0.026208
| iteration 4000 / 10000, epoch 4, loss 0.038953
| checking validation loss
The Validation Accuracy is 0.0
| validation loss 0.045329
| saving checkpoint
| iteration 4020 / 10000, epoch 4, loss 0.089794
| iteration 4040 / 10000, epoch 4, loss 0.035211
| iteration 4060 / 10000, epoch 4, loss 0.052340
| iteration 4080 / 10000, epoch 4, loss 0.043635
| iteration 4100 / 10000, epoch 4, loss 0.063236
| iteration 4120 / 10000, epoch 4, loss 0.048290
| iteration 4140 / 10000, epoch 4, loss 0.101534
| iteration 4160 / 10000, epoch 4, loss 0.084559
| iteration 4180 / 10000, epoch 4, loss 0.091880
| iteration 4200 / 10000, epoch 4, loss 0.015366
| iteration 4220 / 10000, epoch 4, loss 0.051205
| iteration 4240 / 10000, epoch 4, loss 0.063704
| iteration 4260 / 10000, epoch 4, loss 0.056852
| iteration 4280 / 10000, epoch 4, loss 0.050202
| iteration 4300 / 10000, epoch 4, loss 0.062717
| iteration 4320 / 10000, epoch 4, loss 0.037105
| iteration 4340 / 10000, epoch 4, loss 0.041915
| iteration 4360 / 10000, epoch 4, loss 0.072027
| iteration 4380 / 10000, epoch 4, loss 0.050856
| iteration 4400 / 10000, epoch 4, loss 0.039617
| iteration 4420 / 10000, epoch 4, loss 0.047019
| iteration 4440 / 10000, epoch 4, loss 0.075606
| iteration 4460 / 10000, epoch 4, loss 0.052255
| iteration 4480 / 10000, epoch 4, loss 0.032328
| iteration 4500 / 10000, epoch 4, loss 0.060120
| checking validation loss
The Validation Accuracy is 0.0
| validation loss 0.045541
| saving checkpoint
| iteration 4520 / 10000, epoch 4, loss 0.064076
| iteration 4540 / 10000, epoch 4, loss 0.038237
| iteration 4560 / 10000, epoch 4, loss 0.035042
| iteration 4580 / 10000, epoch 4, loss 0.065426
| iteration 4600 / 10000, epoch 4, loss 0.029734
| iteration 4620 / 10000, epoch 4, loss 0.072448
| iteration 4640 / 10000, epoch 4, loss 0.058298
| iteration 4660 / 10000, epoch 4, loss 0.041549
| iteration 4680 / 10000, epoch 4, loss 0.069474
| iteration 4700 / 10000, epoch 4, loss 0.036814
| iteration 4720 / 10000, epoch 4, loss 0.049162
| iteration 4740 / 10000, epoch 4, loss 0.048212
| iteration 4760 / 10000, epoch 4, loss 0.051433
| iteration 4780 / 10000, epoch 4, loss 0.037704
| iteration 4800 / 10000, epoch 4, loss 0.057599
| iteration 4820 / 10000, epoch 4, loss 0.063742
| iteration 4840 / 10000, epoch 4, loss 0.074794
| iteration 4860 / 10000, epoch 4, loss 0.067439
| iteration 4880 / 10000, epoch 4, loss 0.056040
| iteration 4900 / 10000, epoch 4, loss 0.064979
| iteration 4920 / 10000, epoch 4, loss 0.012820
| iteration 4940 / 10000, epoch 4, loss 0.059831
| iteration 4960 / 10000, epoch 4, loss 0.084317
| iteration 4980 / 10000, epoch 4, loss 0.080919
| iteration 5000 / 10000, epoch 4, loss 0.067224
| checking validation loss
The Validation Accuracy is 0.0
| validation loss 0.044158
| best model
| saving checkpoint
| iteration 5020 / 10000, epoch 4, loss 0.047795
| iteration 5040 / 10000, epoch 4, loss 0.070165
| iteration 5060 / 10000, epoch 5, loss 0.071266
| iteration 5080 / 10000, epoch 5, loss 0.026367
| iteration 5100 / 10000, epoch 5, loss 0.022157
| iteration 5120 / 10000, epoch 5, loss 0.026313
| iteration 5140 / 10000, epoch 5, loss 0.038332
| iteration 5160 / 10000, epoch 5, loss 0.071291
| iteration 5180 / 10000, epoch 5, loss 0.060653
| iteration 5200 / 10000, epoch 5, loss 0.042531
| iteration 5220 / 10000, epoch 5, loss 0.061818
| iteration 5240 / 10000, epoch 5, loss 0.036690
| iteration 5260 / 10000, epoch 5, loss 0.067401
| iteration 5280 / 10000, epoch 5, loss 0.031486
| iteration 5300 / 10000, epoch 5, loss 0.084193
| iteration 5320 / 10000, epoch 5, loss 0.078172
| iteration 5340 / 10000, epoch 5, loss 0.041509
| iteration 5360 / 10000, epoch 5, loss 0.065657
| iteration 5380 / 10000, epoch 5, loss 0.036116
| iteration 5400 / 10000, epoch 5, loss 0.060076
| iteration 5420 / 10000, epoch 5, loss 0.040206
| iteration 5440 / 10000, epoch 5, loss 0.064890
| iteration 5460 / 10000, epoch 5, loss 0.027987
| iteration 5480 / 10000, epoch 5, loss 0.063453
| iteration 5500 / 10000, epoch 5, loss 0.032032
| checking validation loss
The Validation Accuracy is 0.0
| validation loss 0.044953
| saving checkpoint
| iteration 5520 / 10000, epoch 5, loss 0.056855
| iteration 5540 / 10000, epoch 5, loss 0.071314
| iteration 5560 / 10000, epoch 5, loss 0.045502
| iteration 5580 / 10000, epoch 5, loss 0.048952
| iteration 5600 / 10000, epoch 5, loss 0.053418
| iteration 5620 / 10000, epoch 5, loss 0.040681
| iteration 5640 / 10000, epoch 5, loss 0.084125
| iteration 5660 / 10000, epoch 5, loss 0.050659
| iteration 5680 / 10000, epoch 5, loss 0.050250
| iteration 5700 / 10000, epoch 5, loss 0.065312
| iteration 5720 / 10000, epoch 5, loss 0.084472
| iteration 5740 / 10000, epoch 5, loss 0.073205
| iteration 5760 / 10000, epoch 5, loss 0.020249
| iteration 5780 / 10000, epoch 5, loss 0.053632
| iteration 5800 / 10000, epoch 5, loss 0.115866
| iteration 5820 / 10000, epoch 5, loss 0.050334
| iteration 5840 / 10000, epoch 5, loss 0.048299
| iteration 5860 / 10000, epoch 5, loss 0.077077
| iteration 5880 / 10000, epoch 5, loss 0.040883
| iteration 5900 / 10000, epoch 5, loss 0.062226
| iteration 5920 / 10000, epoch 5, loss 0.053509
| iteration 5940 / 10000, epoch 5, loss 0.022793
| iteration 5960 / 10000, epoch 5, loss 0.035189
| iteration 5980 / 10000, epoch 5, loss 0.068077
| iteration 6000 / 10000, epoch 5, loss 0.075779
| checking validation loss
The Validation Accuracy is 0.0
| validation loss 0.043846
| best model
| saving checkpoint
| iteration 6020 / 10000, epoch 5, loss 0.030337
| iteration 6040 / 10000, epoch 5, loss 0.065641
| iteration 6060 / 10000, epoch 5, loss 0.054340
| iteration 6080 / 10000, epoch 5, loss 0.068381
| iteration 6100 / 10000, epoch 5, loss 0.061132
| iteration 6120 / 10000, epoch 5, loss 0.076209
| iteration 6140 / 10000, epoch 5, loss 0.051314
| iteration 6160 / 10000, epoch 5, loss 0.054102
| iteration 6180 / 10000, epoch 5, loss 0.062129
| iteration 6200 / 10000, epoch 5, loss 0.057043
| iteration 6220 / 10000, epoch 5, loss 0.033826
| iteration 6240 / 10000, epoch 5, loss 0.039216
| iteration 6260 / 10000, epoch 5, loss 0.057262
| iteration 6280 / 10000, epoch 5, loss 0.065125
| iteration 6300 / 10000, epoch 5, loss 0.051169
| iteration 6320 / 10000, epoch 6, loss 0.097069
| iteration 6340 / 10000, epoch 6, loss 0.073130
| iteration 6360 / 10000, epoch 6, loss 0.040096
| iteration 6380 / 10000, epoch 6, loss 0.090517
| iteration 6400 / 10000, epoch 6, loss 0.056972
| iteration 6420 / 10000, epoch 6, loss 0.011748
| iteration 6440 / 10000, epoch 6, loss 0.054872
| iteration 6460 / 10000, epoch 6, loss 0.031290
| iteration 6480 / 10000, epoch 6, loss 0.035679
| iteration 6500 / 10000, epoch 6, loss 0.049125
| checking validation loss
The Validation Accuracy is 0.0
| validation loss 0.044479
| saving checkpoint
| iteration 6520 / 10000, epoch 6, loss 0.052497
| iteration 6540 / 10000, epoch 6, loss 0.039771
| iteration 6560 / 10000, epoch 6, loss 0.058676
| iteration 6580 / 10000, epoch 6, loss 0.085509
| iteration 6600 / 10000, epoch 6, loss 0.029907
| iteration 6620 / 10000, epoch 6, loss 0.082620
| iteration 6640 / 10000, epoch 6, loss 0.053215
| iteration 6660 / 10000, epoch 6, loss 0.050380
| iteration 6680 / 10000, epoch 6, loss 0.037312
| iteration 6700 / 10000, epoch 6, loss 0.092384
| iteration 6720 / 10000, epoch 6, loss 0.046331
| iteration 6740 / 10000, epoch 6, loss 0.021603
| iteration 6760 / 10000, epoch 6, loss 0.075577
| iteration 6780 / 10000, epoch 6, loss 0.049761
| iteration 6800 / 10000, epoch 6, loss 0.040939
| iteration 6820 / 10000, epoch 6, loss 0.048076
| iteration 6840 / 10000, epoch 6, loss 0.045847
| iteration 6860 / 10000, epoch 6, loss 0.067736
| iteration 6880 / 10000, epoch 6, loss 0.079552
| iteration 6900 / 10000, epoch 6, loss 0.053660
| iteration 6920 / 10000, epoch 6, loss 0.069535
| iteration 6940 / 10000, epoch 6, loss 0.078297
| iteration 6960 / 10000, epoch 6, loss 0.076444
| iteration 6980 / 10000, epoch 6, loss 0.081897
| iteration 7000 / 10000, epoch 6, loss 0.025834
| checking validation loss
The Validation Accuracy is 0.0
| validation loss 0.045342
| saving checkpoint
| iteration 7020 / 10000, epoch 6, loss 0.052057
| iteration 7040 / 10000, epoch 6, loss 0.051608
| iteration 7060 / 10000, epoch 6, loss 0.031204
| iteration 7080 / 10000, epoch 6, loss 0.048161
| iteration 7100 / 10000, epoch 6, loss 0.052788
| iteration 7120 / 10000, epoch 6, loss 0.029004
| iteration 7140 / 10000, epoch 6, loss 0.048836
| iteration 7160 / 10000, epoch 6, loss 0.042028
| iteration 7180 / 10000, epoch 6, loss 0.039506
| iteration 7200 / 10000, epoch 6, loss 0.032646
| iteration 7220 / 10000, epoch 6, loss 0.070863
| iteration 7240 / 10000, epoch 6, loss 0.056710
| iteration 7260 / 10000, epoch 6, loss 0.035139
| iteration 7280 / 10000, epoch 6, loss 0.044094
| iteration 7300 / 10000, epoch 6, loss 0.032784
| iteration 7320 / 10000, epoch 6, loss 0.026422
| iteration 7340 / 10000, epoch 6, loss 0.023568
| iteration 7360 / 10000, epoch 6, loss 0.060321
| iteration 7380 / 10000, epoch 6, loss 0.030517
| iteration 7400 / 10000, epoch 6, loss 0.042392
| iteration 7420 / 10000, epoch 6, loss 0.039561
| iteration 7440 / 10000, epoch 6, loss 0.058203
| iteration 7460 / 10000, epoch 6, loss 0.043891
| iteration 7480 / 10000, epoch 6, loss 0.065814
| iteration 7500 / 10000, epoch 6, loss 0.040337
| checking validation loss
The Validation Accuracy is 0.0
| validation loss 0.044210
| saving checkpoint
| iteration 7520 / 10000, epoch 6, loss 0.038412
| iteration 7540 / 10000, epoch 6, loss 0.060754
| iteration 7560 / 10000, epoch 6, loss 0.055986
| iteration 7580 / 10000, epoch 7, loss 0.045130
| iteration 7600 / 10000, epoch 7, loss 0.012777
| iteration 7620 / 10000, epoch 7, loss 0.022580
| iteration 7640 / 10000, epoch 7, loss 0.091454
| iteration 7660 / 10000, epoch 7, loss 0.080570
| iteration 7680 / 10000, epoch 7, loss 0.121184
| iteration 7700 / 10000, epoch 7, loss 0.045926
| iteration 7720 / 10000, epoch 7, loss 0.051775
| iteration 7740 / 10000, epoch 7, loss 0.035880
| iteration 7760 / 10000, epoch 7, loss 0.062935
| iteration 7780 / 10000, epoch 7, loss 0.046810
| iteration 7800 / 10000, epoch 7, loss 0.037290
| iteration 7820 / 10000, epoch 7, loss 0.043524
| iteration 7840 / 10000, epoch 7, loss 0.070057
| iteration 7860 / 10000, epoch 7, loss 0.059930
| iteration 7880 / 10000, epoch 7, loss 0.055326
| iteration 7900 / 10000, epoch 7, loss 0.049558
| iteration 7920 / 10000, epoch 7, loss 0.057946
| iteration 7940 / 10000, epoch 7, loss 0.036581
| iteration 7960 / 10000, epoch 7, loss 0.046301
| iteration 7980 / 10000, epoch 7, loss 0.048559
| iteration 8000 / 10000, epoch 7, loss 0.030927
| checking validation loss
The Validation Accuracy is 0.0
| validation loss 0.050168
| saving checkpoint
| iteration 8020 / 10000, epoch 7, loss 0.046859
| iteration 8040 / 10000, epoch 7, loss 0.072916
| iteration 8060 / 10000, epoch 7, loss 0.063777
| iteration 8080 / 10000, epoch 7, loss 0.078892
| iteration 8100 / 10000, epoch 7, loss 0.074656
| iteration 8120 / 10000, epoch 7, loss 0.047394
| iteration 8140 / 10000, epoch 7, loss 0.050215
| iteration 8160 / 10000, epoch 7, loss 0.065117
| iteration 8180 / 10000, epoch 7, loss 0.034237
| iteration 8200 / 10000, epoch 7, loss 0.080075
| iteration 8220 / 10000, epoch 7, loss 0.039688
| iteration 8240 / 10000, epoch 7, loss 0.052217
| iteration 8260 / 10000, epoch 7, loss 0.057517
| iteration 8280 / 10000, epoch 7, loss 0.060396
| iteration 8300 / 10000, epoch 7, loss 0.068775
| iteration 8320 / 10000, epoch 7, loss 0.047725
| iteration 8340 / 10000, epoch 7, loss 0.024036
| iteration 8360 / 10000, epoch 7, loss 0.086237
| iteration 8380 / 10000, epoch 7, loss 0.048563
| iteration 8400 / 10000, epoch 7, loss 0.066646
| iteration 8420 / 10000, epoch 7, loss 0.052202
| iteration 8440 / 10000, epoch 7, loss 0.026362
| iteration 8460 / 10000, epoch 7, loss 0.051319
| iteration 8480 / 10000, epoch 7, loss 0.061602
| iteration 8500 / 10000, epoch 7, loss 0.076060
| checking validation loss
The Validation Accuracy is 0.0
| validation loss 0.045165
| saving checkpoint
| iteration 8520 / 10000, epoch 7, loss 0.067378
| iteration 8540 / 10000, epoch 7, loss 0.030352
| iteration 8560 / 10000, epoch 7, loss 0.018254
| iteration 8580 / 10000, epoch 7, loss 0.089619
| iteration 8600 / 10000, epoch 7, loss 0.072252
| iteration 8620 / 10000, epoch 7, loss 0.041760
| iteration 8640 / 10000, epoch 7, loss 0.049891
| iteration 8660 / 10000, epoch 7, loss 0.045804
| iteration 8680 / 10000, epoch 7, loss 0.064566
| iteration 8700 / 10000, epoch 7, loss 0.070180
| iteration 8720 / 10000, epoch 7, loss 0.063155
| iteration 8740 / 10000, epoch 7, loss 0.017291
| iteration 8760 / 10000, epoch 7, loss 0.051997
| iteration 8780 / 10000, epoch 7, loss 0.035889
| iteration 8800 / 10000, epoch 7, loss 0.067280
| iteration 8820 / 10000, epoch 7, loss 0.048592
| iteration 8840 / 10000, epoch 7, loss 0.048776
| iteration 8860 / 10000, epoch 8, loss 0.060297
| iteration 8880 / 10000, epoch 8, loss 0.073716
| iteration 8900 / 10000, epoch 8, loss 0.047037
| iteration 8920 / 10000, epoch 8, loss 0.072577
| iteration 8940 / 10000, epoch 8, loss 0.052406
| iteration 8960 / 10000, epoch 8, loss 0.080687
| iteration 8980 / 10000, epoch 8, loss 0.055127
| iteration 9000 / 10000, epoch 8, loss 0.061322
| checking validation loss
The Validation Accuracy is 0.0
| validation loss 0.043595
| best model
| saving checkpoint
| iteration 9020 / 10000, epoch 8, loss 0.077113
| iteration 9040 / 10000, epoch 8, loss 0.046826
| iteration 9060 / 10000, epoch 8, loss 0.034141
| iteration 9080 / 10000, epoch 8, loss 0.057409
| iteration 9100 / 10000, epoch 8, loss 0.092561
| iteration 9120 / 10000, epoch 8, loss 0.045072
| iteration 9140 / 10000, epoch 8, loss 0.078997
| iteration 9160 / 10000, epoch 8, loss 0.039466
| iteration 9180 / 10000, epoch 8, loss 0.046795
| iteration 9200 / 10000, epoch 8, loss 0.054882
| iteration 9220 / 10000, epoch 8, loss 0.080750
| iteration 9240 / 10000, epoch 8, loss 0.015851
| iteration 9260 / 10000, epoch 8, loss 0.058987
| iteration 9280 / 10000, epoch 8, loss 0.103435
| iteration 9300 / 10000, epoch 8, loss 0.031878
| iteration 9320 / 10000, epoch 8, loss 0.082495
| iteration 9340 / 10000, epoch 8, loss 0.070219
| iteration 9360 / 10000, epoch 8, loss 0.073663
| iteration 9380 / 10000, epoch 8, loss 0.035034
| iteration 9400 / 10000, epoch 8, loss 0.048927
| iteration 9420 / 10000, epoch 8, loss 0.049286
| iteration 9440 / 10000, epoch 8, loss 0.069800
| iteration 9460 / 10000, epoch 8, loss 0.072523
| iteration 9480 / 10000, epoch 8, loss 0.038428
| iteration 9500 / 10000, epoch 8, loss 0.073741
| checking validation loss
The Validation Accuracy is 0.0
| validation loss 0.044171
| saving checkpoint
| iteration 9520 / 10000, epoch 8, loss 0.067401
| iteration 9540 / 10000, epoch 8, loss 0.078303
| iteration 9560 / 10000, epoch 8, loss 0.074992
| iteration 9580 / 10000, epoch 8, loss 0.095867
| iteration 9600 / 10000, epoch 8, loss 0.058126
| iteration 9620 / 10000, epoch 8, loss 0.029379
| iteration 9640 / 10000, epoch 8, loss 0.043683
| iteration 9660 / 10000, epoch 8, loss 0.080678
| iteration 9680 / 10000, epoch 8, loss 0.072636
| iteration 9700 / 10000, epoch 8, loss 0.068633
| iteration 9720 / 10000, epoch 8, loss 0.062697
| iteration 9740 / 10000, epoch 8, loss 0.066313
| iteration 9760 / 10000, epoch 8, loss 0.032703
| iteration 9780 / 10000, epoch 8, loss 0.046345
| iteration 9800 / 10000, epoch 8, loss 0.050399
| iteration 9820 / 10000, epoch 8, loss 0.052950
| iteration 9840 / 10000, epoch 8, loss 0.077115
| iteration 9860 / 10000, epoch 8, loss 0.068355
| iteration 9880 / 10000, epoch 8, loss 0.033232
| iteration 9900 / 10000, epoch 8, loss 0.028400
| iteration 9920 / 10000, epoch 8, loss 0.036734
| iteration 9940 / 10000, epoch 8, loss 0.020915
| iteration 9960 / 10000, epoch 8, loss 0.061320
| iteration 9980 / 10000, epoch 8, loss 0.038277
| iteration 10000 / 10000, epoch 8, loss 0.012337
| checking validation loss
The Validation Accuracy is 0.0
| validation loss 0.044757
| saving checkpoint
*****************************************
Setting OMP_NUM_THREADS environment variable for each process to be 1 in default, to avoid your system being overloaded, please further tune the variable for optimal performance in your application as needed. 
*****************************************
